
> @pulsespark/site@0.1.0 build /tmp/cc-agent/63771633/project/apps/site
> next build

Attention: Next.js now collects completely anonymous telemetry regarding usage.
This information is used to shape Next.js' roadmap and prioritize features.
You can learn more, including how to opt-out if you'd not like to participate in this anonymous program, by visiting the following URL:
https://nextjs.org/telemetry

  ▲ Next.js 14.2.35

   Creating an optimized production build ...
 ✓ Compiled successfully
   Linting and checking validity of types ...
   Collecting page data ...
   Generating static pages (0/10) ...
   Generating static pages (2/10) 
   Generating static pages (4/10) 
   Generating static pages (7/10) 
 ✓ Generating static pages (10/10)
   Finalizing page optimization ...
   Collecting build traces ...

Route (app)                              Size     First Load JS
┌ ○ /                                    1.94 kB          98 kB
├ ○ /_not-found                          871 B          88.2 kB
├ ○ /changelog                           1.17 kB        97.3 kB
├ ○ /docs                                1.17 kB        97.3 kB
├ ○ /examples                            1.17 kB        97.3 kB
├ ○ /install                             1.17 kB        97.3 kB
├ ○ /providers                           1.17 kB        97.3 kB
└ ○ /security                            1.17 kB        97.3 kB
+ First Load JS shared by all            87.4 kB
  ├ chunks/809-24028d62aa69f626.js       31.8 kB
  ├ chunks/d003c1c0-5d34e38bc8c67e4d.js  53.6 kB
  └ other shared chunks (total)          1.9 kB


○  (Static)  prerendered as static content

